{"/Users/axel/Documents/dev/derniersTest/classes.js": {"path":"/Users/axel/Documents/dev/derniersTest/classes.js","statementMap":{"0":{"start":{"line":1,"column":14},"end":{"line":1,"column":33}},"1":{"start":{"line":5,"column":8},"end":{"line":5,"column":25}},"2":{"start":{"line":6,"column":8},"end":{"line":6,"column":27}},"3":{"start":{"line":7,"column":8},"end":{"line":7,"column":25}},"4":{"start":{"line":10,"column":8},"end":{"line":16,"column":9}},"5":{"start":{"line":11,"column":12},"end":{"line":13,"column":13}},"6":{"start":{"line":12,"column":16},"end":{"line":12,"column":75}},"7":{"start":{"line":15,"column":12},"end":{"line":15,"column":53}},"8":{"start":{"line":20,"column":8},"end":{"line":20,"column":43}},"9":{"start":{"line":24,"column":8},"end":{"line":24,"column":46}},"10":{"start":{"line":28,"column":8},"end":{"line":28,"column":28}},"11":{"start":{"line":29,"column":8},"end":{"line":29,"column":29}},"12":{"start":{"line":30,"column":8},"end":{"line":30,"column":32}},"13":{"start":{"line":36,"column":8},"end":{"line":36,"column":53}},"14":{"start":{"line":37,"column":8},"end":{"line":37,"column":50}},"15":{"start":{"line":41,"column":0},"end":{"line":41,"column":35}}},"fnMap":{"0":{"name":"(anonymous_0)","decl":{"start":{"line":4,"column":4},"end":{"line":4,"column":5}},"loc":{"start":{"line":4,"column":29},"end":{"line":8,"column":5}},"line":4},"1":{"name":"(anonymous_1)","decl":{"start":{"line":9,"column":4},"end":{"line":9,"column":5}},"loc":{"start":{"line":9,"column":19},"end":{"line":17,"column":5}},"line":9},"2":{"name":"(anonymous_2)","decl":{"start":{"line":19,"column":4},"end":{"line":19,"column":5}},"loc":{"start":{"line":19,"column":20},"end":{"line":21,"column":5}},"line":19},"3":{"name":"(anonymous_3)","decl":{"start":{"line":23,"column":4},"end":{"line":23,"column":5}},"loc":{"start":{"line":23,"column":23},"end":{"line":25,"column":5}},"line":23},"4":{"name":"(anonymous_4)","decl":{"start":{"line":27,"column":4},"end":{"line":27,"column":5}},"loc":{"start":{"line":27,"column":14},"end":{"line":31,"column":5}},"line":27},"5":{"name":"(anonymous_5)","decl":{"start":{"line":35,"column":4},"end":{"line":35,"column":5}},"loc":{"start":{"line":35,"column":18},"end":{"line":38,"column":5}},"line":35}},"branchMap":{"0":{"loc":{"start":{"line":10,"column":8},"end":{"line":16,"column":9}},"type":"if","locations":[{"start":{"line":10,"column":8},"end":{"line":16,"column":9}},{"start":{"line":14,"column":15},"end":{"line":16,"column":9}}],"line":10},"1":{"loc":{"start":{"line":11,"column":12},"end":{"line":13,"column":13}},"type":"if","locations":[{"start":{"line":11,"column":12},"end":{"line":13,"column":13}},{"start":{},"end":{}}],"line":11}},"s":{"0":1,"1":4,"2":4,"3":4,"4":2,"5":1,"6":1,"7":1,"8":0,"9":0,"10":1,"11":1,"12":1,"13":6,"14":6,"15":1},"f":{"0":4,"1":2,"2":0,"3":0,"4":1,"5":6},"b":{"0":[1,1],"1":[1,0]},"_coverageSchema":"1a1c01bbd47fc00a2c39e90264f33305004495a9","hash":"d5db2402af17048ea14236ffdcac91458cdd5fd7"}
,"/Users/axel/Documents/dev/derniersTest/function.js": {"path":"/Users/axel/Documents/dev/derniersTest/function.js","statementMap":{"0":{"start":{"line":1,"column":18},"end":{"line":1,"column":62}},"1":{"start":{"line":2,"column":16},"end":{"line":2,"column":34}},"2":{"start":{"line":3,"column":12},"end":{"line":3,"column":21}},"3":{"start":{"line":7,"column":0},"end":{"line":7,"column":24}},"4":{"start":{"line":9,"column":0},"end":{"line":11,"column":3}},"5":{"start":{"line":10,"column":4},"end":{"line":10,"column":30}},"6":{"start":{"line":13,"column":0},"end":{"line":15,"column":3}},"7":{"start":{"line":14,"column":4},"end":{"line":14,"column":63}},"8":{"start":{"line":17,"column":0},"end":{"line":20,"column":3}},"9":{"start":{"line":18,"column":41},"end":{"line":18,"column":49}},"10":{"start":{"line":19,"column":4},"end":{"line":19,"column":55}},"11":{"start":{"line":22,"column":0},"end":{"line":29,"column":3}},"12":{"start":{"line":23,"column":21},"end":{"line":23,"column":30}},"13":{"start":{"line":24,"column":4},"end":{"line":28,"column":5}},"14":{"start":{"line":25,"column":8},"end":{"line":25,"column":60}},"15":{"start":{"line":27,"column":8},"end":{"line":27,"column":60}},"16":{"start":{"line":31,"column":0},"end":{"line":33,"column":3}},"17":{"start":{"line":32,"column":4},"end":{"line":32,"column":18}},"18":{"start":{"line":35,"column":0},"end":{"line":35,"column":21}}},"fnMap":{"0":{"name":"(anonymous_0)","decl":{"start":{"line":9,"column":13},"end":{"line":9,"column":14}},"loc":{"start":{"line":9,"column":27},"end":{"line":11,"column":1}},"line":9},"1":{"name":"(anonymous_1)","decl":{"start":{"line":13,"column":30},"end":{"line":13,"column":31}},"loc":{"start":{"line":13,"column":44},"end":{"line":15,"column":1}},"line":13},"2":{"name":"(anonymous_2)","decl":{"start":{"line":17,"column":27},"end":{"line":17,"column":28}},"loc":{"start":{"line":17,"column":41},"end":{"line":20,"column":1}},"line":17},"3":{"name":"(anonymous_3)","decl":{"start":{"line":22,"column":19},"end":{"line":22,"column":20}},"loc":{"start":{"line":22,"column":33},"end":{"line":29,"column":1}},"line":22},"4":{"name":"(anonymous_4)","decl":{"start":{"line":31,"column":35},"end":{"line":31,"column":36}},"loc":{"start":{"line":31,"column":49},"end":{"line":33,"column":1}},"line":31}},"branchMap":{"0":{"loc":{"start":{"line":24,"column":4},"end":{"line":28,"column":5}},"type":"if","locations":[{"start":{"line":24,"column":4},"end":{"line":28,"column":5}},{"start":{"line":26,"column":11},"end":{"line":28,"column":5}}],"line":24}},"s":{"0":3,"1":3,"2":3,"3":3,"4":3,"5":2,"6":3,"7":1,"8":3,"9":1,"10":1,"11":3,"12":3,"13":3,"14":2,"15":1,"16":3,"17":0,"18":3},"f":{"0":2,"1":1,"2":1,"3":3,"4":0},"b":{"0":[2,1]},"_coverageSchema":"1a1c01bbd47fc00a2c39e90264f33305004495a9","hash":"20aafa10128a06302a9d84d7cbb26cf7edac87d2"}
,"/Users/axel/Documents/dev/derniersTest/functions.js": {"path":"/Users/axel/Documents/dev/derniersTest/functions.js","statementMap":{"0":{"start":{"line":1,"column":18},"end":{"line":1,"column":38}},"1":{"start":{"line":2,"column":18},"end":{"line":2,"column":62}},"2":{"start":{"line":3,"column":12},"end":{"line":3,"column":33}},"3":{"start":{"line":6,"column":21},"end":{"line":6,"column":69}},"4":{"start":{"line":7,"column":4},"end":{"line":7,"column":25}},"5":{"start":{"line":11,"column":4},"end":{"line":11,"column":28}},"6":{"start":{"line":14,"column":0},"end":{"line":14,"column":44}}},"fnMap":{"0":{"name":"calldependance","decl":{"start":{"line":5,"column":15},"end":{"line":5,"column":29}},"loc":{"start":{"line":5,"column":36},"end":{"line":8,"column":1}},"line":5},"1":{"name":"action","decl":{"start":{"line":10,"column":9},"end":{"line":10,"column":15}},"loc":{"start":{"line":10,"column":22},"end":{"line":12,"column":1}},"line":10}},"branchMap":{},"s":{"0":1,"1":1,"2":1,"3":1,"4":1,"5":1,"6":1},"f":{"0":1,"1":1},"b":{},"_coverageSchema":"1a1c01bbd47fc00a2c39e90264f33305004495a9","hash":"e28394b2e762819e2d3c49154599f4eedb78396e"}
,"/Users/axel/Documents/dev/derniersTest/strings.js": {"path":"/Users/axel/Documents/dev/derniersTest/strings.js","statementMap":{"0":{"start":{"line":2,"column":4},"end":{"line":2,"column":29}},"1":{"start":{"line":5,"column":0},"end":{"line":5,"column":28}}},"fnMap":{"0":{"name":"sayHelloTo","decl":{"start":{"line":1,"column":9},"end":{"line":1,"column":19}},"loc":{"start":{"line":1,"column":28},"end":{"line":3,"column":1}},"line":1}},"branchMap":{},"s":{"0":1,"1":1},"f":{"0":1},"b":{},"_coverageSchema":"1a1c01bbd47fc00a2c39e90264f33305004495a9","hash":"cb0f185627723cf5f39aa93d61534eb0a05e96ca"}
}
