TN:
SF:app.js
FN:7,(anonymous_0)
FN:11,(anonymous_1)
FN:15,(anonymous_2)
FN:20,(anonymous_3)
FN:31,(anonymous_4)
FNF:5
FNH:3
FNDA:0,(anonymous_0)
FNDA:1,(anonymous_1)
FNDA:1,(anonymous_2)
FNDA:3,(anonymous_3)
FNDA:0,(anonymous_4)
DA:1,2
DA:2,2
DA:5,2
DA:7,2
DA:8,0
DA:11,2
DA:12,1
DA:15,2
DA:16,1
DA:17,1
DA:20,2
DA:21,3
DA:22,3
DA:23,2
DA:25,1
DA:30,2
DA:31,0
DA:32,0
DA:36,2
LF:19
LH:16
BRDA:22,0,0,2
BRDA:22,0,1,1
BRDA:30,1,0,0
BRDA:30,1,1,2
BRF:4
BRH:3
end_of_record
TN:
SF:classes.js
FN:2,(anonymous_0)
FN:7,(anonymous_1)
FN:17,(anonymous_2)
FN:21,(anonymous_3)
FN:25,(anonymous_4)
FNF:5
FNH:3
FNDA:4,(anonymous_0)
FNDA:2,(anonymous_1)
FNDA:0,(anonymous_2)
FNDA:0,(anonymous_3)
FNDA:1,(anonymous_4)
DA:3,4
DA:4,4
DA:5,4
DA:8,2
DA:9,1
DA:10,1
DA:13,1
DA:18,0
DA:22,0
DA:26,1
DA:27,1
DA:28,1
DA:32,1
LF:13
LH:11
BRDA:8,0,0,1
BRDA:8,0,1,1
BRDA:9,1,0,1
BRDA:9,1,1,0
BRF:4
BRH:3
end_of_record
TN:
SF:function.js
FN:4,calldependance
FN:9,action
FNF:2
FNH:2
FNDA:1,calldependance
FNDA:1,action
DA:1,1
DA:2,1
DA:5,1
DA:6,1
DA:10,1
DA:13,1
LF:6
LH:6
BRF:0
BRH:0
end_of_record
TN:
SF:strings.js
FN:1,sayHelloTo
FNF:1
FNH:1
FNDA:1,sayHelloTo
DA:2,1
DA:5,1
LF:2
LH:2
BRF:0
BRH:0
end_of_record
