TN:
SF:classes.js
FN:4,(anonymous_0)
FN:9,(anonymous_1)
FN:19,(anonymous_2)
FN:23,(anonymous_3)
FN:27,(anonymous_4)
FN:35,(anonymous_5)
FNF:6
FNH:4
FNDA:4,(anonymous_0)
FNDA:2,(anonymous_1)
FNDA:0,(anonymous_2)
FNDA:0,(anonymous_3)
FNDA:1,(anonymous_4)
FNDA:6,(anonymous_5)
DA:1,1
DA:5,4
DA:6,4
DA:7,4
DA:10,2
DA:11,1
DA:12,1
DA:15,1
DA:20,0
DA:24,0
DA:28,1
DA:29,1
DA:30,1
DA:36,6
DA:37,6
DA:41,1
LF:16
LH:14
BRDA:10,0,0,1
BRDA:10,0,1,1
BRDA:11,1,0,1
BRDA:11,1,1,0
BRF:4
BRH:3
end_of_record
TN:
SF:function.js
FN:9,(anonymous_0)
FN:13,(anonymous_1)
FN:17,(anonymous_2)
FN:22,(anonymous_3)
FN:31,(anonymous_4)
FNF:5
FNH:3
FNDA:0,(anonymous_0)
FNDA:1,(anonymous_1)
FNDA:1,(anonymous_2)
FNDA:3,(anonymous_3)
FNDA:0,(anonymous_4)
DA:1,2
DA:2,2
DA:3,2
DA:7,2
DA:9,2
DA:10,0
DA:13,2
DA:14,1
DA:17,2
DA:18,1
DA:19,1
DA:22,2
DA:23,3
DA:24,3
DA:25,2
DA:27,1
DA:31,2
DA:32,0
DA:35,2
LF:19
LH:17
BRDA:24,0,0,2
BRDA:24,0,1,1
BRF:2
BRH:2
end_of_record
TN:
SF:functions.js
FN:5,calldependance
FN:10,action
FNF:2
FNH:2
FNDA:1,calldependance
FNDA:1,action
DA:1,1
DA:2,1
DA:3,1
DA:6,1
DA:7,1
DA:11,1
DA:14,1
LF:7
LH:7
BRF:0
BRH:0
end_of_record
TN:
SF:strings.js
FN:1,sayHelloTo
FNF:1
FNH:1
FNDA:1,sayHelloTo
DA:2,1
DA:5,1
LF:2
LH:2
BRF:0
BRH:0
end_of_record
